<?xml version="1.0" encoding="UTF-8"?>
<!-- Generated by org.testng.reporters.JUnitReportReporter -->
<testsuite hostname="LAPTOP-UGTV3Q5D" failures="0" tests="1" name="producttest.Example1Test" time="2.176" errors="0" timestamp="2025-07-31T10:59:37 IST" skipped="0">
  <testcase classname="producttest.Example1Test" name="orderProducts" time="2.176">
    <system-out>
      <![CDATA[Keerthi
keerthi
spandana
 507166]]>
    </system-out>
  </testcase> <!-- orderProducts -->
  <system-out>
    <![CDATA[Browser setup is done
Login successfully
Keerthi
keerthi
spandana
 507166
Logout is done]]>
  </system-out>
</testsuite> <!-- producttest.Example1Test -->
