<?xml version="1.0" encoding="UTF-8"?>
<!-- Generated by org.testng.reporters.JUnitReportReporter -->
<testsuite hostname="LAPTOP-UGTV3Q5D" failures="0" tests="1" name="producttest.Example1Test" time="1.959" errors="0" timestamp="2025-07-29T12:57:39 IST" skipped="0">
  <testcase classname="producttest.Example1Test" name="orderProducts" time="1.959">
    <system-out>
      <![CDATA[keerthi
spandana
 507166]]>
    </system-out>
  </testcase> <!-- orderProducts -->
  <system-out>
    <![CDATA[Browser setup is done
Login successfully
keerthi
spandana
 507166
Logout is done]]>
  </system-out>
</testsuite> <!-- producttest.Example1Test -->
