<?xml version="1.0" encoding="UTF-8"?>
<!-- Generated by org.testng.reporters.JUnitReportReporter -->
<testsuite hostname="LAPTOP-UGTV3Q5D" failures="0" tests="1" name="producttest.TeamGTest" time="0.013" errors="0" timestamp="2025-07-14T10:38:53 IST" skipped="0">
  <testcase classname="producttest.TeamGTest" name="keerthi" time="0.013">
    <system-out>
      <![CDATA[keerthi]]>
    </system-out>
  </testcase> <!-- keerthi -->
  <system-out>
    <![CDATA[keerthi]]>
  </system-out>
</testsuite> <!-- producttest.TeamGTest -->
